[debug] [2020-09-25T15:52:22.829Z] ----------------------------------------------------------------------
[debug] [2020-09-25T15:52:22.834Z] Command:       C:\Program Files\nodejs\node.exe C:\Users\Rakhi\AppData\Roaming\npm\node_modules\firebase-tools\lib\bin\firebase.js init
[debug] [2020-09-25T15:52:22.834Z] CLI Version:   8.11.1
[debug] [2020-09-25T15:52:22.834Z] Platform:      win32
[debug] [2020-09-25T15:52:22.835Z] Node Version:  v12.18.1
[debug] [2020-09-25T15:52:22.837Z] Time:          Fri Sep 25 2020 21:52:22 GMT+0600 (Bangladesh Standard Time)
[debug] [2020-09-25T15:52:22.838Z] ----------------------------------------------------------------------
[debug] [2020-09-25T15:52:22.838Z] 
[debug] [2020-09-25T15:52:22.850Z] > command requires scopes: ["email","openid","https://www.googleapis.com/auth/cloudplatformprojects.readonly","https://www.googleapis.com/auth/firebase","https://www.googleapis.com/auth/cloud-platform"]
[debug] [2020-09-25T15:52:22.851Z] > authorizing via signed-in user
[info] 
     ######## #### ########  ######## ########     ###     ######  ########
     ##        ##  ##     ## ##       ##     ##  ##   ##  ##       ##
     ######    ##  ########  ######   ########  #########  ######  ######
     ##        ##  ##    ##  ##       ##     ## ##     ##       ## ##
     ##       #### ##     ## ######## ########  ##     ##  ######  ########

You're about to initialize a Firebase project in this directory:

  C:\all-projects\travel-guru

Before we get started, keep in mind:

  * You are currently outside your home directory

